{
  "stats": {
    "suites": 1,
    "tests": 3,
    "passes": 3,
    "pending": 0,
    "failures": 0,
    "start": "2022-05-14T12:39:39.396Z",
    "end": "2022-05-14T12:39:53.781Z",
    "duration": 14385,
    "testsRegistered": 3,
    "passPercent": 100,
    "pendingPercent": 0,
    "other": 0,
    "hasOther": false,
    "skipped": 0,
    "hasSkipped": false
  },
  "results": [
    {
      "uuid": "3b6856fa-f971-474f-9189-e667b5ecd0e9",
      "title": "",
      "fullFile": "cypress/integration/TC001_formAuthentication.feature",
      "file": "cypress/integration/TC001_formAuthentication.feature",
      "beforeHooks": [],
      "afterHooks": [],
      "tests": [],
      "suites": [
        {
          "uuid": "c953ce22-f63a-4264-87b9-5c7e4a1471e0",
          "title": "Automate Form Authentication for the website",
          "fullFile": "",
          "file": "",
          "beforeHooks": [],
          "afterHooks": [],
          "tests": [
            {
              "title": "Login into application with valid credentials",
              "fullTitle": "Automate Form Authentication for the website Login into application with valid credentials",
              "timedOut": null,
              "duration": 7827,
              "state": "passed",
              "speed": "medium",
              "pass": true,
              "fail": false,
              "pending": false,
              "context": null,
              "code": "const state = window.testState;\nreturn cy\n  .then(() => state.onStartScenario(scenario, indexedSteps))\n  .then(() =>\n    resolveAndRunBeforeHooks.call(this, scenario.tags, state.feature.name)\n  )\n  .then(() =>\n    indexedSteps.forEach((step) =>\n      stepTest.call(this, state, step, rowData)\n    )\n  )\n  .then(() =>\n    resolveAndRunAfterHooks.call(this, scenario.tags, state.feature.name)\n  )\n  .then(() => state.onFinishScenario(scenario));",
              "err": {},
              "uuid": "45cb1356-bfee-4d7b-aa45-f7b02d280ff1",
              "parentUUID": "c953ce22-f63a-4264-87b9-5c7e4a1471e0",
              "isHook": false,
              "skipped": false
            },
            {
              "title": "Login into application with invalid credentials (example #1)",
              "fullTitle": "Automate Form Authentication for the website Login into application with invalid credentials (example #1)",
              "timedOut": null,
              "duration": 3219,
              "state": "passed",
              "speed": "fast",
              "pass": true,
              "fail": false,
              "pending": false,
              "context": null,
              "code": "const state = window.testState;\nreturn cy\n  .then(() => state.onStartScenario(scenario, indexedSteps))\n  .then(() =>\n    resolveAndRunBeforeHooks.call(this, scenario.tags, state.feature.name)\n  )\n  .then(() =>\n    indexedSteps.forEach((step) =>\n      stepTest.call(this, state, step, rowData)\n    )\n  )\n  .then(() =>\n    resolveAndRunAfterHooks.call(this, scenario.tags, state.feature.name)\n  )\n  .then(() => state.onFinishScenario(scenario));",
              "err": {},
              "uuid": "4b71ee45-9e65-44a9-9bc5-a0f0afaa13d3",
              "parentUUID": "c953ce22-f63a-4264-87b9-5c7e4a1471e0",
              "isHook": false,
              "skipped": false
            },
            {
              "title": "Login into application with invalid credentials (example #2)",
              "fullTitle": "Automate Form Authentication for the website Login into application with invalid credentials (example #2)",
              "timedOut": null,
              "duration": 2901,
              "state": "passed",
              "speed": "fast",
              "pass": true,
              "fail": false,
              "pending": false,
              "context": null,
              "code": "const state = window.testState;\nreturn cy\n  .then(() => state.onStartScenario(scenario, indexedSteps))\n  .then(() =>\n    resolveAndRunBeforeHooks.call(this, scenario.tags, state.feature.name)\n  )\n  .then(() =>\n    indexedSteps.forEach((step) =>\n      stepTest.call(this, state, step, rowData)\n    )\n  )\n  .then(() =>\n    resolveAndRunAfterHooks.call(this, scenario.tags, state.feature.name)\n  )\n  .then(() => state.onFinishScenario(scenario));",
              "err": {},
              "uuid": "a0d0066f-18ca-4650-891a-269aaff5b9e4",
              "parentUUID": "c953ce22-f63a-4264-87b9-5c7e4a1471e0",
              "isHook": false,
              "skipped": false
            }
          ],
          "suites": [],
          "passes": [
            "45cb1356-bfee-4d7b-aa45-f7b02d280ff1",
            "4b71ee45-9e65-44a9-9bc5-a0f0afaa13d3",
            "a0d0066f-18ca-4650-891a-269aaff5b9e4"
          ],
          "failures": [],
          "pending": [],
          "skipped": [],
          "duration": 13947,
          "root": false,
          "rootEmpty": false,
          "_timeout": 2000
        }
      ],
      "passes": [],
      "failures": [],
      "pending": [],
      "skipped": [],
      "duration": 0,
      "root": true,
      "rootEmpty": true,
      "_timeout": 2000
    }
  ],
  "meta": {
    "mocha": {
      "version": "7.0.1"
    },
    "mochawesome": {
      "options": {
        "quiet": false,
        "reportFilename": "mochawesome",
        "saveHtml": false,
        "saveJson": true,
        "consoleReporter": "spec",
        "useInlineDiffs": false,
        "code": true
      },
      "version": "7.1.3"
    },
    "marge": {
      "options": {
        "overwrite": false,
        "html": false,
        "json": true
      },
      "version": "6.2.0"
    }
  }
}