{
  "stats": {
    "suites": 1,
    "tests": 3,
    "passes": 3,
    "pending": 0,
    "failures": 0,
    "start": "2022-05-14T12:19:19.183Z",
    "end": "2022-05-14T12:19:39.707Z",
    "duration": 20524,
    "testsRegistered": 3,
    "passPercent": 100,
    "pendingPercent": 0,
    "other": 0,
    "hasOther": false,
    "skipped": 0,
    "hasSkipped": false
  },
  "results": [
    {
      "uuid": "584b2393-506f-46cc-ad13-8b58da0e0da4",
      "title": "",
      "fullFile": "cypress/integration/TC001_formAuthentication.feature",
      "file": "cypress/integration/TC001_formAuthentication.feature",
      "beforeHooks": [],
      "afterHooks": [],
      "tests": [],
      "suites": [
        {
          "uuid": "0c155309-63bb-4298-9c05-2a1a8784ae3f",
          "title": "Automate Form Authentication for the website",
          "fullFile": "",
          "file": "",
          "beforeHooks": [],
          "afterHooks": [],
          "tests": [
            {
              "title": "Login into application with valid credentials",
              "fullTitle": "Automate Form Authentication for the website Login into application with valid credentials",
              "timedOut": null,
              "duration": 13867,
              "state": "passed",
              "speed": "slow",
              "pass": true,
              "fail": false,
              "pending": false,
              "context": null,
              "code": "const state = window.testState;\nreturn cy\n  .then(() => state.onStartScenario(scenario, indexedSteps))\n  .then(() =>\n    resolveAndRunBeforeHooks.call(this, scenario.tags, state.feature.name)\n  )\n  .then(() =>\n    indexedSteps.forEach((step) =>\n      stepTest.call(this, state, step, rowData)\n    )\n  )\n  .then(() =>\n    resolveAndRunAfterHooks.call(this, scenario.tags, state.feature.name)\n  )\n  .then(() => state.onFinishScenario(scenario));",
              "err": {},
              "uuid": "4f19b988-f07d-4fd8-a0ab-2fb15c225980",
              "parentUUID": "0c155309-63bb-4298-9c05-2a1a8784ae3f",
              "isHook": false,
              "skipped": false
            },
            {
              "title": "Login into application with invalid credentials (example #1)",
              "fullTitle": "Automate Form Authentication for the website Login into application with invalid credentials (example #1)",
              "timedOut": null,
              "duration": 3377,
              "state": "passed",
              "speed": "fast",
              "pass": true,
              "fail": false,
              "pending": false,
              "context": null,
              "code": "const state = window.testState;\nreturn cy\n  .then(() => state.onStartScenario(scenario, indexedSteps))\n  .then(() =>\n    resolveAndRunBeforeHooks.call(this, scenario.tags, state.feature.name)\n  )\n  .then(() =>\n    indexedSteps.forEach((step) =>\n      stepTest.call(this, state, step, rowData)\n    )\n  )\n  .then(() =>\n    resolveAndRunAfterHooks.call(this, scenario.tags, state.feature.name)\n  )\n  .then(() => state.onFinishScenario(scenario));",
              "err": {},
              "uuid": "1d4d6b6a-61f3-457f-bfbd-919cba675b2e",
              "parentUUID": "0c155309-63bb-4298-9c05-2a1a8784ae3f",
              "isHook": false,
              "skipped": false
            },
            {
              "title": "Login into application with invalid credentials (example #2)",
              "fullTitle": "Automate Form Authentication for the website Login into application with invalid credentials (example #2)",
              "timedOut": null,
              "duration": 2753,
              "state": "passed",
              "speed": "fast",
              "pass": true,
              "fail": false,
              "pending": false,
              "context": null,
              "code": "const state = window.testState;\nreturn cy\n  .then(() => state.onStartScenario(scenario, indexedSteps))\n  .then(() =>\n    resolveAndRunBeforeHooks.call(this, scenario.tags, state.feature.name)\n  )\n  .then(() =>\n    indexedSteps.forEach((step) =>\n      stepTest.call(this, state, step, rowData)\n    )\n  )\n  .then(() =>\n    resolveAndRunAfterHooks.call(this, scenario.tags, state.feature.name)\n  )\n  .then(() => state.onFinishScenario(scenario));",
              "err": {},
              "uuid": "a79837ff-7400-4762-82ae-aea7e838923f",
              "parentUUID": "0c155309-63bb-4298-9c05-2a1a8784ae3f",
              "isHook": false,
              "skipped": false
            }
          ],
          "suites": [],
          "passes": [
            "4f19b988-f07d-4fd8-a0ab-2fb15c225980",
            "1d4d6b6a-61f3-457f-bfbd-919cba675b2e",
            "a79837ff-7400-4762-82ae-aea7e838923f"
          ],
          "failures": [],
          "pending": [],
          "skipped": [],
          "duration": 19997,
          "root": false,
          "rootEmpty": false,
          "_timeout": 2000
        }
      ],
      "passes": [],
      "failures": [],
      "pending": [],
      "skipped": [],
      "duration": 0,
      "root": true,
      "rootEmpty": true,
      "_timeout": 2000
    }
  ],
  "meta": {
    "mocha": {
      "version": "7.0.1"
    },
    "mochawesome": {
      "options": {
        "quiet": false,
        "reportFilename": "mochawesome",
        "saveHtml": false,
        "saveJson": true,
        "consoleReporter": "spec",
        "useInlineDiffs": false,
        "code": true
      },
      "version": "7.1.3"
    },
    "marge": {
      "options": {
        "overwrite": false,
        "html": false,
        "json": true
      },
      "version": "6.2.0"
    }
  }
}