{
  "stats": {
    "suites": 1,
    "tests": 3,
    "passes": 3,
    "pending": 0,
    "failures": 0,
    "start": "2022-05-14T11:55:40.873Z",
    "end": "2022-05-14T11:56:01.183Z",
    "duration": 20310,
    "testsRegistered": 3,
    "passPercent": 100,
    "pendingPercent": 0,
    "other": 0,
    "hasOther": false,
    "skipped": 0,
    "hasSkipped": false
  },
  "results": [
    {
      "uuid": "e55482e0-b141-4018-ad8c-15456fff86cf",
      "title": "",
      "fullFile": "cypress/integration/TC001_formAuthentication.feature",
      "file": "cypress/integration/TC001_formAuthentication.feature",
      "beforeHooks": [],
      "afterHooks": [],
      "tests": [],
      "suites": [
        {
          "uuid": "b6bf641f-626a-40e8-b011-bfaf48a7d9ab",
          "title": "Automate Form Authentication for the website",
          "fullFile": "",
          "file": "",
          "beforeHooks": [],
          "afterHooks": [],
          "tests": [
            {
              "title": "Login into application with valid credentials",
              "fullTitle": "Automate Form Authentication for the website Login into application with valid credentials",
              "timedOut": null,
              "duration": 14087,
              "state": "passed",
              "speed": "slow",
              "pass": true,
              "fail": false,
              "pending": false,
              "context": null,
              "code": "const state = window.testState;\nreturn cy\n  .then(() => state.onStartScenario(scenario, indexedSteps))\n  .then(() =>\n    resolveAndRunBeforeHooks.call(this, scenario.tags, state.feature.name)\n  )\n  .then(() =>\n    indexedSteps.forEach((step) =>\n      stepTest.call(this, state, step, rowData)\n    )\n  )\n  .then(() =>\n    resolveAndRunAfterHooks.call(this, scenario.tags, state.feature.name)\n  )\n  .then(() => state.onFinishScenario(scenario));",
              "err": {},
              "uuid": "939c6599-d85b-405d-becb-bf07bc54e42e",
              "parentUUID": "b6bf641f-626a-40e8-b011-bfaf48a7d9ab",
              "isHook": false,
              "skipped": false
            },
            {
              "title": "Login into application with invalid credentials (example #1)",
              "fullTitle": "Automate Form Authentication for the website Login into application with invalid credentials (example #1)",
              "timedOut": null,
              "duration": 3208,
              "state": "passed",
              "speed": "fast",
              "pass": true,
              "fail": false,
              "pending": false,
              "context": null,
              "code": "const state = window.testState;\nreturn cy\n  .then(() => state.onStartScenario(scenario, indexedSteps))\n  .then(() =>\n    resolveAndRunBeforeHooks.call(this, scenario.tags, state.feature.name)\n  )\n  .then(() =>\n    indexedSteps.forEach((step) =>\n      stepTest.call(this, state, step, rowData)\n    )\n  )\n  .then(() =>\n    resolveAndRunAfterHooks.call(this, scenario.tags, state.feature.name)\n  )\n  .then(() => state.onFinishScenario(scenario));",
              "err": {},
              "uuid": "5fffb315-a648-4004-b411-6b9464670f73",
              "parentUUID": "b6bf641f-626a-40e8-b011-bfaf48a7d9ab",
              "isHook": false,
              "skipped": false
            },
            {
              "title": "Login into application with invalid credentials (example #2)",
              "fullTitle": "Automate Form Authentication for the website Login into application with invalid credentials (example #2)",
              "timedOut": null,
              "duration": 2730,
              "state": "passed",
              "speed": "fast",
              "pass": true,
              "fail": false,
              "pending": false,
              "context": null,
              "code": "const state = window.testState;\nreturn cy\n  .then(() => state.onStartScenario(scenario, indexedSteps))\n  .then(() =>\n    resolveAndRunBeforeHooks.call(this, scenario.tags, state.feature.name)\n  )\n  .then(() =>\n    indexedSteps.forEach((step) =>\n      stepTest.call(this, state, step, rowData)\n    )\n  )\n  .then(() =>\n    resolveAndRunAfterHooks.call(this, scenario.tags, state.feature.name)\n  )\n  .then(() => state.onFinishScenario(scenario));",
              "err": {},
              "uuid": "9427c234-5b14-481e-b247-98a5d6440c82",
              "parentUUID": "b6bf641f-626a-40e8-b011-bfaf48a7d9ab",
              "isHook": false,
              "skipped": false
            }
          ],
          "suites": [],
          "passes": [
            "939c6599-d85b-405d-becb-bf07bc54e42e",
            "5fffb315-a648-4004-b411-6b9464670f73",
            "9427c234-5b14-481e-b247-98a5d6440c82"
          ],
          "failures": [],
          "pending": [],
          "skipped": [],
          "duration": 20025,
          "root": false,
          "rootEmpty": false,
          "_timeout": 2000
        }
      ],
      "passes": [],
      "failures": [],
      "pending": [],
      "skipped": [],
      "duration": 0,
      "root": true,
      "rootEmpty": true,
      "_timeout": 2000
    }
  ],
  "meta": {
    "mocha": {
      "version": "7.0.1"
    },
    "mochawesome": {
      "options": {
        "quiet": false,
        "reportFilename": "mochawesome",
        "saveHtml": false,
        "saveJson": true,
        "consoleReporter": "spec",
        "useInlineDiffs": false,
        "code": true
      },
      "version": "7.1.3"
    },
    "marge": {
      "options": {
        "overwrite": false,
        "html": false,
        "json": true
      },
      "version": "6.2.0"
    }
  }
}