{
  "stats": {
    "suites": 1,
    "tests": 3,
    "passes": 0,
    "pending": 0,
    "failures": 3,
    "start": "2022-05-14T11:54:25.217Z",
    "end": "2022-05-14T11:54:48.135Z",
    "duration": 22918,
    "testsRegistered": 3,
    "passPercent": 0,
    "pendingPercent": 0,
    "other": 0,
    "hasOther": false,
    "skipped": 0,
    "hasSkipped": false
  },
  "results": [
    {
      "uuid": "e3b55e77-bf97-4ec9-9dcc-f92972a4d6e2",
      "title": "",
      "fullFile": "cypress/integration/TC001_formAuthentication.feature",
      "file": "cypress/integration/TC001_formAuthentication.feature",
      "beforeHooks": [],
      "afterHooks": [],
      "tests": [],
      "suites": [
        {
          "uuid": "be73a4d9-a40f-41ea-87eb-9361e9f350b6",
          "title": "Automate Form Authentication for the website",
          "fullFile": "",
          "file": "",
          "beforeHooks": [],
          "afterHooks": [],
          "tests": [
            {
              "title": "Login into application with valid credentials",
              "fullTitle": "Automate Form Authentication for the website Login into application with valid credentials",
              "timedOut": null,
              "duration": 10385,
              "state": "failed",
              "speed": null,
              "pass": false,
              "fail": true,
              "pending": false,
              "context": null,
              "code": "const state = window.testState;\nreturn cy\n  .then(() => state.onStartScenario(scenario, indexedSteps))\n  .then(() =>\n    resolveAndRunBeforeHooks.call(this, scenario.tags, state.feature.name)\n  )\n  .then(() =>\n    indexedSteps.forEach((step) =>\n      stepTest.call(this, state, step, rowData)\n    )\n  )\n  .then(() =>\n    resolveAndRunAfterHooks.call(this, scenario.tags, state.feature.name)\n  )\n  .then(() => state.onFinishScenario(scenario));",
              "err": {
                "message": "AssertionError: Timed out retrying after 4000ms: Expected to find content: 'Form Authentication' but never did.",
                "estack": "AssertionError: Timed out retrying after 4000ms: Expected to find content: 'Form Authentication' but never did.\n    at CommonPageObject.click_Menu_Link (http://the-internet.herokuapp.com/__cypress/tests?p=cypress/integration/TC001_formAuthentication.feature:67:12)\n    at Context.eval (http://the-internet.herokuapp.com/__cypress/tests?p=cypress/integration/TC001_formAuthentication.feature:37:16)\n    at Context.resolveAndRunStepDefinition (http://the-internet.herokuapp.com/__cypress/tests?p=cypress/integration/TC001_formAuthentication.feature:10477:29)\n    at Context.eval (http://the-internet.herokuapp.com/__cypress/tests?p=cypress/integration/TC001_formAuthentication.feature:9821:35)",
                "diff": null
              },
              "uuid": "7477bcd2-ae64-4e1f-830a-9da54e2fa978",
              "parentUUID": "be73a4d9-a40f-41ea-87eb-9361e9f350b6",
              "isHook": false,
              "skipped": false
            },
            {
              "title": "Login into application with invalid credentials (example #1)",
              "fullTitle": "Automate Form Authentication for the website Login into application with invalid credentials (example #1)",
              "timedOut": null,
              "duration": 6123,
              "state": "failed",
              "speed": null,
              "pass": false,
              "fail": true,
              "pending": false,
              "context": null,
              "code": "const state = window.testState;\nreturn cy\n  .then(() => state.onStartScenario(scenario, indexedSteps))\n  .then(() =>\n    resolveAndRunBeforeHooks.call(this, scenario.tags, state.feature.name)\n  )\n  .then(() =>\n    indexedSteps.forEach((step) =>\n      stepTest.call(this, state, step, rowData)\n    )\n  )\n  .then(() =>\n    resolveAndRunAfterHooks.call(this, scenario.tags, state.feature.name)\n  )\n  .then(() => state.onFinishScenario(scenario));",
              "err": {
                "message": "AssertionError: Timed out retrying after 4000ms: Expected to find content: 'Form Authentication' but never did.",
                "estack": "AssertionError: Timed out retrying after 4000ms: Expected to find content: 'Form Authentication' but never did.\n    at CommonPageObject.click_Menu_Link (http://the-internet.herokuapp.com/__cypress/tests?p=cypress/integration/TC001_formAuthentication.feature:67:12)\n    at Context.eval (http://the-internet.herokuapp.com/__cypress/tests?p=cypress/integration/TC001_formAuthentication.feature:37:16)\n    at Context.resolveAndRunStepDefinition (http://the-internet.herokuapp.com/__cypress/tests?p=cypress/integration/TC001_formAuthentication.feature:10477:29)\n    at Context.eval (http://the-internet.herokuapp.com/__cypress/tests?p=cypress/integration/TC001_formAuthentication.feature:9821:35)",
                "diff": null
              },
              "uuid": "1e495eb4-0855-479e-834f-baf7e1905d47",
              "parentUUID": "be73a4d9-a40f-41ea-87eb-9361e9f350b6",
              "isHook": false,
              "skipped": false
            },
            {
              "title": "Login into application with invalid credentials (example #2)",
              "fullTitle": "Automate Form Authentication for the website Login into application with invalid credentials (example #2)",
              "timedOut": null,
              "duration": 6140,
              "state": "failed",
              "speed": null,
              "pass": false,
              "fail": true,
              "pending": false,
              "context": null,
              "code": "const state = window.testState;\nreturn cy\n  .then(() => state.onStartScenario(scenario, indexedSteps))\n  .then(() =>\n    resolveAndRunBeforeHooks.call(this, scenario.tags, state.feature.name)\n  )\n  .then(() =>\n    indexedSteps.forEach((step) =>\n      stepTest.call(this, state, step, rowData)\n    )\n  )\n  .then(() =>\n    resolveAndRunAfterHooks.call(this, scenario.tags, state.feature.name)\n  )\n  .then(() => state.onFinishScenario(scenario));",
              "err": {
                "message": "AssertionError: Timed out retrying after 4000ms: Expected to find content: 'Form Authentication' but never did.",
                "estack": "AssertionError: Timed out retrying after 4000ms: Expected to find content: 'Form Authentication' but never did.\n    at CommonPageObject.click_Menu_Link (http://the-internet.herokuapp.com/__cypress/tests?p=cypress/integration/TC001_formAuthentication.feature:67:12)\n    at Context.eval (http://the-internet.herokuapp.com/__cypress/tests?p=cypress/integration/TC001_formAuthentication.feature:37:16)\n    at Context.resolveAndRunStepDefinition (http://the-internet.herokuapp.com/__cypress/tests?p=cypress/integration/TC001_formAuthentication.feature:10477:29)\n    at Context.eval (http://the-internet.herokuapp.com/__cypress/tests?p=cypress/integration/TC001_formAuthentication.feature:9821:35)",
                "diff": null
              },
              "uuid": "9b08d0b4-fae0-46d6-bd8f-7b4d2c20170a",
              "parentUUID": "be73a4d9-a40f-41ea-87eb-9361e9f350b6",
              "isHook": false,
              "skipped": false
            }
          ],
          "suites": [],
          "passes": [],
          "failures": [
            "7477bcd2-ae64-4e1f-830a-9da54e2fa978",
            "1e495eb4-0855-479e-834f-baf7e1905d47",
            "9b08d0b4-fae0-46d6-bd8f-7b4d2c20170a"
          ],
          "pending": [],
          "skipped": [],
          "duration": 22648,
          "root": false,
          "rootEmpty": false,
          "_timeout": 2000
        }
      ],
      "passes": [],
      "failures": [],
      "pending": [],
      "skipped": [],
      "duration": 0,
      "root": true,
      "rootEmpty": true,
      "_timeout": 2000
    }
  ],
  "meta": {
    "mocha": {
      "version": "7.0.1"
    },
    "mochawesome": {
      "options": {
        "quiet": false,
        "reportFilename": "mochawesome",
        "saveHtml": false,
        "saveJson": true,
        "consoleReporter": "spec",
        "useInlineDiffs": false,
        "code": true
      },
      "version": "7.1.3"
    },
    "marge": {
      "options": {
        "overwrite": false,
        "html": false,
        "json": true
      },
      "version": "6.2.0"
    }
  }
}