{
  "stats": {
    "suites": 1,
    "tests": 3,
    "passes": 3,
    "pending": 0,
    "failures": 0,
    "start": "2022-05-16T15:49:07.887Z",
    "end": "2022-05-16T15:49:24.184Z",
    "duration": 16297,
    "testsRegistered": 3,
    "passPercent": 100,
    "pendingPercent": 0,
    "other": 0,
    "hasOther": false,
    "skipped": 0,
    "hasSkipped": false
  },
  "results": [
    {
      "uuid": "36161856-41e0-4871-b46b-b99f167be5d7",
      "title": "",
      "fullFile": "cypress/integration/TC001_formAuthentication.feature",
      "file": "cypress/integration/TC001_formAuthentication.feature",
      "beforeHooks": [],
      "afterHooks": [],
      "tests": [],
      "suites": [
        {
          "uuid": "d1921ff4-f6ef-4ec1-addf-537bc5181898",
          "title": "Automate Form Authentication for the website",
          "fullFile": "",
          "file": "",
          "beforeHooks": [],
          "afterHooks": [],
          "tests": [
            {
              "title": "Login into application with valid credentials",
              "fullTitle": "Automate Form Authentication for the website Login into application with valid credentials",
              "timedOut": null,
              "duration": 9052,
              "state": "passed",
              "speed": "medium",
              "pass": true,
              "fail": false,
              "pending": false,
              "context": null,
              "code": "const state = window.testState;\nreturn cy\n  .then(() => state.onStartScenario(scenario, indexedSteps))\n  .then(() =>\n    resolveAndRunBeforeHooks.call(this, scenario.tags, state.feature.name)\n  )\n  .then(() =>\n    indexedSteps.forEach((step) =>\n      stepTest.call(this, state, step, rowData)\n    )\n  )\n  .then(() =>\n    resolveAndRunAfterHooks.call(this, scenario.tags, state.feature.name)\n  )\n  .then(() => state.onFinishScenario(scenario));",
              "err": {},
              "uuid": "03a0018e-0b03-46dc-a9f3-1e58d92fe1f0",
              "parentUUID": "d1921ff4-f6ef-4ec1-addf-537bc5181898",
              "isHook": false,
              "skipped": false
            },
            {
              "title": "Login into application with invalid credentials (example #1)",
              "fullTitle": "Automate Form Authentication for the website Login into application with invalid credentials (example #1)",
              "timedOut": null,
              "duration": 3648,
              "state": "passed",
              "speed": "fast",
              "pass": true,
              "fail": false,
              "pending": false,
              "context": null,
              "code": "const state = window.testState;\nreturn cy\n  .then(() => state.onStartScenario(scenario, indexedSteps))\n  .then(() =>\n    resolveAndRunBeforeHooks.call(this, scenario.tags, state.feature.name)\n  )\n  .then(() =>\n    indexedSteps.forEach((step) =>\n      stepTest.call(this, state, step, rowData)\n    )\n  )\n  .then(() =>\n    resolveAndRunAfterHooks.call(this, scenario.tags, state.feature.name)\n  )\n  .then(() => state.onFinishScenario(scenario));",
              "err": {},
              "uuid": "1ad3002b-d839-4c34-8d81-85903afdef4b",
              "parentUUID": "d1921ff4-f6ef-4ec1-addf-537bc5181898",
              "isHook": false,
              "skipped": false
            },
            {
              "title": "Login into application with invalid credentials (example #2)",
              "fullTitle": "Automate Form Authentication for the website Login into application with invalid credentials (example #2)",
              "timedOut": null,
              "duration": 3175,
              "state": "passed",
              "speed": "fast",
              "pass": true,
              "fail": false,
              "pending": false,
              "context": null,
              "code": "const state = window.testState;\nreturn cy\n  .then(() => state.onStartScenario(scenario, indexedSteps))\n  .then(() =>\n    resolveAndRunBeforeHooks.call(this, scenario.tags, state.feature.name)\n  )\n  .then(() =>\n    indexedSteps.forEach((step) =>\n      stepTest.call(this, state, step, rowData)\n    )\n  )\n  .then(() =>\n    resolveAndRunAfterHooks.call(this, scenario.tags, state.feature.name)\n  )\n  .then(() => state.onFinishScenario(scenario));",
              "err": {},
              "uuid": "b4e67284-3c48-4826-8bbf-ed79cdfff1cb",
              "parentUUID": "d1921ff4-f6ef-4ec1-addf-537bc5181898",
              "isHook": false,
              "skipped": false
            }
          ],
          "suites": [],
          "passes": [
            "03a0018e-0b03-46dc-a9f3-1e58d92fe1f0",
            "1ad3002b-d839-4c34-8d81-85903afdef4b",
            "b4e67284-3c48-4826-8bbf-ed79cdfff1cb"
          ],
          "failures": [],
          "pending": [],
          "skipped": [],
          "duration": 15875,
          "root": false,
          "rootEmpty": false,
          "_timeout": 2000
        }
      ],
      "passes": [],
      "failures": [],
      "pending": [],
      "skipped": [],
      "duration": 0,
      "root": true,
      "rootEmpty": true,
      "_timeout": 2000
    }
  ],
  "meta": {
    "mocha": {
      "version": "7.0.1"
    },
    "mochawesome": {
      "options": {
        "quiet": false,
        "reportFilename": "mochawesome",
        "saveHtml": false,
        "saveJson": true,
        "consoleReporter": "spec",
        "useInlineDiffs": false,
        "code": true
      },
      "version": "7.1.3"
    },
    "marge": {
      "options": {
        "overwrite": false,
        "html": false,
        "json": true
      },
      "version": "6.2.0"
    }
  }
}